{"C:\\Users\\rache\\OneDrive\\Documentos\\Programação\\desafios\\desafio-lemonenergy\\src\\avaliarCliente.js": {"path":"C:\\Users\\rache\\OneDrive\\Documentos\\Programação\\desafios\\desafio-lemonenergy\\src\\avaliarCliente.js","statementMap":{"0":{"start":{"line":3,"column":35},"end":{"line":3,"column":76}},"1":{"start":{"line":6,"column":4},"end":{"line":6,"column":49}},"2":{"start":{"line":14,"column":4},"end":{"line":14,"column":32}},"3":{"start":{"line":16,"column":0},"end":{"line":44,"column":2}},"4":{"start":{"line":23,"column":17},"end":{"line":25,"column":3}},"5":{"start":{"line":26,"column":32},"end":{"line":26,"column":34}},"6":{"start":{"line":27,"column":2},"end":{"line":27,"column":44}},"7":{"start":{"line":28,"column":2},"end":{"line":28,"column":61}},"8":{"start":{"line":29,"column":2},"end":{"line":29,"column":63}},"9":{"start":{"line":30,"column":2},"end":{"line":30,"column":73}},"10":{"start":{"line":32,"column":25},"end":{"line":32,"column":67}},"11":{"start":{"line":34,"column":2},"end":{"line":34,"column":82}},"12":{"start":{"line":36,"column":2},"end":{"line":39,"column":3}},"13":{"start":{"line":37,"column":4},"end":{"line":37,"column":57}},"14":{"start":{"line":38,"column":4},"end":{"line":38,"column":18}},"15":{"start":{"line":40,"column":2},"end":{"line":40,"column":73}},"16":{"start":{"line":41,"column":2},"end":{"line":41,"column":25}},"17":{"start":{"line":43,"column":2},"end":{"line":43,"column":16}}},"fnMap":{"0":{"name":"(anonymous_0)","decl":{"start":{"line":16,"column":25},"end":{"line":16,"column":26}},"loc":{"start":{"line":22,"column":6},"end":{"line":44,"column":1}},"line":22}},"branchMap":{"0":{"loc":{"start":{"line":36,"column":2},"end":{"line":39,"column":3}},"type":"if","locations":[{"start":{"line":36,"column":2},"end":{"line":39,"column":3}},{"start":{},"end":{}}],"line":36}},"s":{"0":1,"1":1,"2":1,"3":1,"4":2,"5":2,"6":2,"7":2,"8":2,"9":2,"10":2,"11":2,"12":2,"13":1,"14":1,"15":1,"16":1,"17":1},"f":{"0":2},"b":{"0":[1,1]},"_coverageSchema":"1a1c01bbd47fc00a2c39e90264f33305004495a9","hash":"e86a5cd9571f2be9bf6dbd17cfd402f3f48b72a3"}
,"C:\\Users\\rache\\OneDrive\\Documentos\\Programação\\desafios\\desafio-lemonenergy\\src\\enums\\classesDeConsumoEnum.js": {"path":"C:\\Users\\rache\\OneDrive\\Documentos\\Programação\\desafios\\desafio-lemonenergy\\src\\enums\\classesDeConsumoEnum.js","statementMap":{"0":{"start":{"line":3,"column":0},"end":{"line":9,"column":2}},"1":{"start":{"line":11,"column":0},"end":{"line":15,"column":2}}},"fnMap":{},"branchMap":{},"s":{"0":2,"1":2},"f":{},"b":{},"_coverageSchema":"1a1c01bbd47fc00a2c39e90264f33305004495a9","hash":"a59fd468a2a5026f5bfd89bc1438670bd0f9a33d"}
,"C:\\Users\\rache\\OneDrive\\Documentos\\Programação\\desafios\\desafio-lemonenergy\\src\\enums\\modalidadesTarifariasEnum.js": {"path":"C:\\Users\\rache\\OneDrive\\Documentos\\Programação\\desafios\\desafio-lemonenergy\\src\\enums\\modalidadesTarifariasEnum.js","statementMap":{"0":{"start":{"line":3,"column":0},"end":{"line":3,"column":80}},"1":{"start":{"line":5,"column":0},"end":{"line":5,"column":72}}},"fnMap":{},"branchMap":{},"s":{"0":2,"1":2},"f":{},"b":{},"_coverageSchema":"1a1c01bbd47fc00a2c39e90264f33305004495a9","hash":"426b2f2dfa3e3f10f6cc08670837128c00ec71ae"}
,"C:\\Users\\rache\\OneDrive\\Documentos\\Programação\\desafios\\desafio-lemonenergy\\src\\enums\\tiposDeConexaoEnum.js": {"path":"C:\\Users\\rache\\OneDrive\\Documentos\\Programação\\desafios\\desafio-lemonenergy\\src\\enums\\tiposDeConexaoEnum.js","statementMap":{"0":{"start":{"line":3,"column":0},"end":{"line":3,"column":69}}},"fnMap":{},"branchMap":{},"s":{"0":2},"f":{},"b":{},"_coverageSchema":"1a1c01bbd47fc00a2c39e90264f33305004495a9","hash":"acddcd479cfc1c99a099306c990a2d975b59d26a"}
,"C:\\Users\\rache\\OneDrive\\Documentos\\Programação\\desafios\\desafio-lemonenergy\\src\\utils\\calcularEconomiaAnualDeCO2.js": {"path":"C:\\Users\\rache\\OneDrive\\Documentos\\Programação\\desafios\\desafio-lemonenergy\\src\\utils\\calcularEconomiaAnualDeCO2.js","statementMap":{"0":{"start":{"line":3,"column":0},"end":{"line":7,"column":2}},"1":{"start":{"line":4,"column":30},"end":{"line":4,"column":35}},"2":{"start":{"line":5,"column":27},"end":{"line":5,"column":63}},"3":{"start":{"line":6,"column":2},"end":{"line":6,"column":40}}},"fnMap":{"0":{"name":"(anonymous_0)","decl":{"start":{"line":3,"column":37},"end":{"line":3,"column":38}},"loc":{"start":{"line":3,"column":57},"end":{"line":7,"column":1}},"line":3}},"branchMap":{},"s":{"0":1,"1":1,"2":1,"3":1},"f":{"0":1},"b":{},"_coverageSchema":"1a1c01bbd47fc00a2c39e90264f33305004495a9","hash":"c3302befb1519e0b5f7c7de0eed4ef9b844c95bc"}
,"C:\\Users\\rache\\OneDrive\\Documentos\\Programação\\desafios\\desafio-lemonenergy\\src\\utils\\calcularMediaDeConsumo.js": {"path":"C:\\Users\\rache\\OneDrive\\Documentos\\Programação\\desafios\\desafio-lemonenergy\\src\\utils\\calcularMediaDeConsumo.js","statementMap":{"0":{"start":{"line":3,"column":0},"end":{"line":9,"column":2}},"1":{"start":{"line":4,"column":27},"end":{"line":4,"column":28}},"2":{"start":{"line":5,"column":2},"end":{"line":8,"column":4}},"3":{"start":{"line":6,"column":22},"end":{"line":6,"column":35}}},"fnMap":{"0":{"name":"(anonymous_0)","decl":{"start":{"line":3,"column":33},"end":{"line":3,"column":34}},"loc":{"start":{"line":3,"column":58},"end":{"line":9,"column":1}},"line":3},"1":{"name":"(anonymous_1)","decl":{"start":{"line":6,"column":4},"end":{"line":6,"column":5}},"loc":{"start":{"line":6,"column":22},"end":{"line":6,"column":35}},"line":6}},"branchMap":{},"s":{"0":1,"1":2,"2":2,"3":22},"f":{"0":2,"1":22},"b":{},"_coverageSchema":"1a1c01bbd47fc00a2c39e90264f33305004495a9","hash":"4251cfa1babe59cc40a757915bcbe9d79c74f8c2"}
,"C:\\Users\\rache\\OneDrive\\Documentos\\Programação\\desafios\\desafio-lemonenergy\\src\\utils\\cnpjDTO.js": {"path":"C:\\Users\\rache\\OneDrive\\Documentos\\Programação\\desafios\\desafio-lemonenergy\\src\\utils\\cnpjDTO.js","statementMap":{"0":{"start":{"line":4,"column":0},"end":{"line":8,"column":2}}},"fnMap":{},"branchMap":{},"s":{"0":2},"f":{},"b":{},"_coverageSchema":"1a1c01bbd47fc00a2c39e90264f33305004495a9","hash":"a4d674791e2a763b46c52ec8b7ddc2b940945842"}
,"C:\\Users\\rache\\OneDrive\\Documentos\\Programação\\desafios\\desafio-lemonenergy\\src\\utils\\consumoMinimoParaConexao.js": {"path":"C:\\Users\\rache\\OneDrive\\Documentos\\Programação\\desafios\\desafio-lemonenergy\\src\\utils\\consumoMinimoParaConexao.js","statementMap":{"0":{"start":{"line":3,"column":0},"end":{"line":7,"column":2}}},"fnMap":{},"branchMap":{},"s":{"0":2},"f":{},"b":{},"_coverageSchema":"1a1c01bbd47fc00a2c39e90264f33305004495a9","hash":"655f8f1c405466c5c12760b07e0b281af60e4d25"}
,"C:\\Users\\rache\\OneDrive\\Documentos\\Programação\\desafios\\desafio-lemonenergy\\src\\utils\\cpfDTO.js": {"path":"C:\\Users\\rache\\OneDrive\\Documentos\\Programação\\desafios\\desafio-lemonenergy\\src\\utils\\cpfDTO.js","statementMap":{"0":{"start":{"line":4,"column":0},"end":{"line":8,"column":2}}},"fnMap":{},"branchMap":{},"s":{"0":2},"f":{},"b":{},"_coverageSchema":"1a1c01bbd47fc00a2c39e90264f33305004495a9","hash":"d0943e63fb6adfd1c010d4acbdf4e742a870b685"}
,"C:\\Users\\rache\\OneDrive\\Documentos\\Programação\\desafios\\desafio-lemonenergy\\src\\utils\\inelegivelConstantes.js": {"path":"C:\\Users\\rache\\OneDrive\\Documentos\\Programação\\desafios\\desafio-lemonenergy\\src\\utils\\inelegivelConstantes.js","statementMap":{"0":{"start":{"line":3,"column":0},"end":{"line":3,"column":59}},"1":{"start":{"line":5,"column":0},"end":{"line":5,"column":65}},"2":{"start":{"line":7,"column":0},"end":{"line":7,"column":60}},"3":{"start":{"line":9,"column":0},"end":{"line":9,"column":67}}},"fnMap":{},"branchMap":{},"s":{"0":2,"1":2,"2":2,"3":2},"f":{},"b":{},"_coverageSchema":"1a1c01bbd47fc00a2c39e90264f33305004495a9","hash":"419739d6fa4afc866f4fd10d7b53d260ff39aecd"}
,"C:\\Users\\rache\\OneDrive\\Documentos\\Programação\\desafios\\desafio-lemonenergy\\src\\utils\\validador.js": {"path":"C:\\Users\\rache\\OneDrive\\Documentos\\Programação\\desafios\\desafio-lemonenergy\\src\\utils\\validador.js","statementMap":{"0":{"start":{"line":3,"column":33},"end":{"line":3,"column":70}},"1":{"start":{"line":9,"column":4},"end":{"line":9,"column":37}},"2":{"start":{"line":13,"column":4},"end":{"line":13,"column":44}},"3":{"start":{"line":17,"column":4},"end":{"line":17,"column":49}},"4":{"start":{"line":18,"column":31},"end":{"line":18,"column":69}},"5":{"start":{"line":19,"column":19},"end":{"line":19,"column":38}},"6":{"start":{"line":20,"column":20},"end":{"line":20,"column":40}},"7":{"start":{"line":22,"column":0},"end":{"line":33,"column":2}},"8":{"start":{"line":24,"column":2},"end":{"line":24,"column":59}},"9":{"start":{"line":24,"column":52},"end":{"line":24,"column":59}},"10":{"start":{"line":25,"column":2},"end":{"line":25,"column":60}},"11":{"start":{"line":25,"column":53},"end":{"line":25,"column":60}},"12":{"start":{"line":28,"column":2},"end":{"line":32,"column":4}},"13":{"start":{"line":35,"column":0},"end":{"line":41,"column":2}},"14":{"start":{"line":36,"column":30},"end":{"line":38,"column":3}},"15":{"start":{"line":37,"column":17},"end":{"line":37,"column":42}},"16":{"start":{"line":39,"column":2},"end":{"line":40,"column":57}},"17":{"start":{"line":40,"column":4},"end":{"line":40,"column":57}},"18":{"start":{"line":43,"column":0},"end":{"line":55,"column":2}},"19":{"start":{"line":44,"column":32},"end":{"line":46,"column":3}},"20":{"start":{"line":45,"column":16},"end":{"line":45,"column":42}},"21":{"start":{"line":47,"column":2},"end":{"line":48,"column":57}},"22":{"start":{"line":48,"column":4},"end":{"line":48,"column":57}},"23":{"start":{"line":49,"column":38},"end":{"line":49,"column":67}},"24":{"start":{"line":50,"column":34},"end":{"line":52,"column":3}},"25":{"start":{"line":51,"column":16},"end":{"line":51,"column":42}},"26":{"start":{"line":53,"column":2},"end":{"line":54,"column":57}},"27":{"start":{"line":54,"column":4},"end":{"line":54,"column":57}},"28":{"start":{"line":57,"column":0},"end":{"line":72,"column":2}},"29":{"start":{"line":61,"column":27},"end":{"line":63,"column":3}},"30":{"start":{"line":62,"column":20},"end":{"line":62,"column":54}},"31":{"start":{"line":64,"column":2},"end":{"line":65,"column":60}},"32":{"start":{"line":65,"column":4},"end":{"line":65,"column":60}},"33":{"start":{"line":66,"column":40},"end":{"line":66,"column":74}},"34":{"start":{"line":67,"column":29},"end":{"line":69,"column":3}},"35":{"start":{"line":68,"column":20},"end":{"line":68,"column":54}},"36":{"start":{"line":70,"column":2},"end":{"line":71,"column":60}},"37":{"start":{"line":71,"column":4},"end":{"line":71,"column":60}},"38":{"start":{"line":74,"column":0},"end":{"line":88,"column":2}},"39":{"start":{"line":81,"column":2},"end":{"line":84,"column":3}},"40":{"start":{"line":83,"column":4},"end":{"line":83,"column":57}},"41":{"start":{"line":86,"column":2},"end":{"line":87,"column":53}},"42":{"start":{"line":87,"column":4},"end":{"line":87,"column":53}}},"fnMap":{"0":{"name":"(anonymous_0)","decl":{"start":{"line":22,"column":33},"end":{"line":22,"column":34}},"loc":{"start":{"line":22,"column":54},"end":{"line":33,"column":1}},"line":22},"1":{"name":"(anonymous_1)","decl":{"start":{"line":35,"column":31},"end":{"line":35,"column":32}},"loc":{"start":{"line":35,"column":73},"end":{"line":41,"column":1}},"line":35},"2":{"name":"(anonymous_2)","decl":{"start":{"line":37,"column":4},"end":{"line":37,"column":5}},"loc":{"start":{"line":37,"column":17},"end":{"line":37,"column":42}},"line":37},"3":{"name":"(anonymous_3)","decl":{"start":{"line":43,"column":31},"end":{"line":43,"column":32}},"loc":{"start":{"line":43,"column":75},"end":{"line":55,"column":1}},"line":43},"4":{"name":"(anonymous_4)","decl":{"start":{"line":45,"column":4},"end":{"line":45,"column":5}},"loc":{"start":{"line":45,"column":16},"end":{"line":45,"column":42}},"line":45},"5":{"name":"(anonymous_5)","decl":{"start":{"line":51,"column":4},"end":{"line":51,"column":5}},"loc":{"start":{"line":51,"column":16},"end":{"line":51,"column":42}},"line":51},"6":{"name":"(anonymous_6)","decl":{"start":{"line":57,"column":37},"end":{"line":57,"column":38}},"loc":{"start":{"line":60,"column":5},"end":{"line":72,"column":1}},"line":60},"7":{"name":"(anonymous_7)","decl":{"start":{"line":62,"column":4},"end":{"line":62,"column":5}},"loc":{"start":{"line":62,"column":20},"end":{"line":62,"column":54}},"line":62},"8":{"name":"(anonymous_8)","decl":{"start":{"line":68,"column":4},"end":{"line":68,"column":5}},"loc":{"start":{"line":68,"column":20},"end":{"line":68,"column":54}},"line":68},"9":{"name":"(anonymous_9)","decl":{"start":{"line":74,"column":34},"end":{"line":74,"column":35}},"loc":{"start":{"line":79,"column":6},"end":{"line":88,"column":1}},"line":79}},"branchMap":{"0":{"loc":{"start":{"line":24,"column":2},"end":{"line":24,"column":59}},"type":"if","locations":[{"start":{"line":24,"column":2},"end":{"line":24,"column":59}},{"start":{},"end":{}}],"line":24},"1":{"loc":{"start":{"line":25,"column":2},"end":{"line":25,"column":60}},"type":"if","locations":[{"start":{"line":25,"column":2},"end":{"line":25,"column":60}},{"start":{},"end":{}}],"line":25},"2":{"loc":{"start":{"line":39,"column":2},"end":{"line":40,"column":57}},"type":"if","locations":[{"start":{"line":39,"column":2},"end":{"line":40,"column":57}},{"start":{},"end":{}}],"line":39},"3":{"loc":{"start":{"line":47,"column":2},"end":{"line":48,"column":57}},"type":"if","locations":[{"start":{"line":47,"column":2},"end":{"line":48,"column":57}},{"start":{},"end":{}}],"line":47},"4":{"loc":{"start":{"line":53,"column":2},"end":{"line":54,"column":57}},"type":"if","locations":[{"start":{"line":53,"column":2},"end":{"line":54,"column":57}},{"start":{},"end":{}}],"line":53},"5":{"loc":{"start":{"line":64,"column":2},"end":{"line":65,"column":60}},"type":"if","locations":[{"start":{"line":64,"column":2},"end":{"line":65,"column":60}},{"start":{},"end":{}}],"line":64},"6":{"loc":{"start":{"line":70,"column":2},"end":{"line":71,"column":60}},"type":"if","locations":[{"start":{"line":70,"column":2},"end":{"line":71,"column":60}},{"start":{},"end":{}}],"line":70},"7":{"loc":{"start":{"line":81,"column":2},"end":{"line":84,"column":3}},"type":"if","locations":[{"start":{"line":81,"column":2},"end":{"line":84,"column":3}},{"start":{},"end":{}}],"line":81},"8":{"loc":{"start":{"line":86,"column":2},"end":{"line":87,"column":53}},"type":"if","locations":[{"start":{"line":86,"column":2},"end":{"line":87,"column":53}},{"start":{},"end":{}}],"line":86}},"s":{"0":2,"1":2,"2":2,"3":2,"4":2,"5":2,"6":2,"7":2,"8":3,"9":2,"10":1,"11":0,"12":1,"13":2,"14":2,"15":4,"16":2,"17":0,"18":2,"19":2,"20":7,"21":2,"22":0,"23":2,"24":2,"25":6,"26":2,"27":1,"28":2,"29":2,"30":7,"31":2,"32":0,"33":2,"34":2,"35":4,"36":2,"37":1,"38":2,"39":2,"40":0,"41":2,"42":0},"f":{"0":3,"1":2,"2":4,"3":2,"4":7,"5":6,"6":2,"7":7,"8":4,"9":2},"b":{"0":[2,1],"1":[0,1],"2":[0,2],"3":[0,2],"4":[1,1],"5":[0,2],"6":[1,1],"7":[0,2],"8":[0,2]},"_coverageSchema":"1a1c01bbd47fc00a2c39e90264f33305004495a9","hash":"e2c8ae8240026cb1dc344249f23561214dff46aa"}
}
