TN:
SF:src\avaliarCliente.js
FN:16,(anonymous_0)
FNF:1
FNH:1
FNDA:2,(anonymous_0)
DA:3,1
DA:6,1
DA:14,1
DA:16,1
DA:23,2
DA:26,2
DA:27,2
DA:28,2
DA:29,2
DA:30,2
DA:32,2
DA:34,2
DA:36,2
DA:37,1
DA:38,1
DA:40,1
DA:41,1
DA:43,1
LF:18
LH:18
BRDA:36,0,0,1
BRDA:36,0,1,1
BRF:2
BRH:2
end_of_record
TN:
SF:src\enums\classesDeConsumoEnum.js
FNF:0
FNH:0
DA:3,2
DA:11,2
LF:2
LH:2
BRF:0
BRH:0
end_of_record
TN:
SF:src\enums\modalidadesTarifariasEnum.js
FNF:0
FNH:0
DA:3,2
DA:5,2
LF:2
LH:2
BRF:0
BRH:0
end_of_record
TN:
SF:src\enums\tiposDeConexaoEnum.js
FNF:0
FNH:0
DA:3,2
LF:1
LH:1
BRF:0
BRH:0
end_of_record
TN:
SF:src\utils\calcularEconomiaAnualDeCO2.js
FN:3,(anonymous_0)
FNF:1
FNH:1
FNDA:1,(anonymous_0)
DA:3,1
DA:4,1
DA:5,1
DA:6,1
LF:4
LH:4
BRF:0
BRH:0
end_of_record
TN:
SF:src\utils\calcularMediaDeConsumo.js
FN:3,(anonymous_0)
FN:6,(anonymous_1)
FNF:2
FNH:2
FNDA:2,(anonymous_0)
FNDA:22,(anonymous_1)
DA:3,1
DA:4,2
DA:5,2
DA:6,22
LF:4
LH:4
BRF:0
BRH:0
end_of_record
TN:
SF:src\utils\cnpjDTO.js
FNF:0
FNH:0
DA:4,2
LF:1
LH:1
BRF:0
BRH:0
end_of_record
TN:
SF:src\utils\consumoMinimoParaConexao.js
FNF:0
FNH:0
DA:3,2
LF:1
LH:1
BRF:0
BRH:0
end_of_record
TN:
SF:src\utils\cpfDTO.js
FNF:0
FNH:0
DA:4,2
LF:1
LH:1
BRF:0
BRH:0
end_of_record
TN:
SF:src\utils\inelegivelConstantes.js
FNF:0
FNH:0
DA:3,2
DA:5,2
DA:7,2
DA:9,2
LF:4
LH:4
BRF:0
BRH:0
end_of_record
TN:
SF:src\utils\validador.js
FN:22,(anonymous_0)
FN:35,(anonymous_1)
FN:37,(anonymous_2)
FN:43,(anonymous_3)
FN:45,(anonymous_4)
FN:51,(anonymous_5)
FN:57,(anonymous_6)
FN:62,(anonymous_7)
FN:68,(anonymous_8)
FN:74,(anonymous_9)
FNF:10
FNH:10
FNDA:5,(anonymous_0)
FNDA:3,(anonymous_1)
FNDA:7,(anonymous_2)
FNDA:3,(anonymous_3)
FNDA:12,(anonymous_4)
FNDA:6,(anonymous_5)
FNDA:3,(anonymous_6)
FNDA:11,(anonymous_7)
FNDA:4,(anonymous_8)
FNDA:4,(anonymous_9)
DA:3,2
DA:9,2
DA:13,2
DA:17,2
DA:18,2
DA:19,2
DA:20,2
DA:22,2
DA:24,5
DA:25,2
DA:28,1
DA:35,2
DA:36,3
DA:37,7
DA:39,3
DA:40,1
DA:43,2
DA:44,3
DA:45,12
DA:47,3
DA:48,1
DA:49,2
DA:50,2
DA:51,6
DA:53,2
DA:54,1
DA:57,2
DA:61,3
DA:62,11
DA:64,3
DA:65,1
DA:66,2
DA:67,2
DA:68,4
DA:70,2
DA:71,1
DA:74,2
DA:81,4
DA:83,1
DA:86,3
DA:87,1
LF:41
LH:41
BRDA:24,0,0,3
BRDA:24,0,1,2
BRDA:25,1,0,1
BRDA:25,1,1,1
BRDA:39,2,0,1
BRDA:39,2,1,2
BRDA:47,3,0,1
BRDA:47,3,1,2
BRDA:53,4,0,1
BRDA:53,4,1,1
BRDA:64,5,0,1
BRDA:64,5,1,2
BRDA:70,6,0,1
BRDA:70,6,1,1
BRDA:81,7,0,1
BRDA:81,7,1,3
BRDA:86,8,0,1
BRDA:86,8,1,2
BRF:18
BRH:18
end_of_record
